Unity Editor version:    6000.5.1f1 (0d9463e84828)
Branch:                  6000.5/staging
Build type:              Release
Batch mode:              NO
macOS version:           Version 26.3.1 (a) (Build 25D771280a)
Darwin version:          25.3.0
Architecture:            arm64
Running under Rosetta:   NO
Available memory:        16384 MB
Date:                    2026-07-03T06:58:46Z
[Licensing::Module] Trying to connect to existing licensing client channel...
[Licensing::IpcConnector] Successfully connected to: "LicenseClient-wskang" at "2026-07-03T06:58:46.099098Z"

COMMAND LINE ARGUMENTS:
/Volumes/PortableSSD/Unity/Hub/Editor/6000.5.1f1/Unity.app/Contents/MacOS/Unity
-projectpath
/Volumes/PortableSSD/My project
-acceptSoftwareTermsForThisRunOnly
-useHub
-hubIPC
-cloudEnvironment
production
-licensingIpc
LicenseClient-wskang
-hubSessionId
78729957-5cbb-4a85-a507-6de4fa862f24
-accessToken
D-dMOAadjl7r-7byiRlE3rnUEKqAhOi5oHWc41ePAq000df
Successfully changed project path to: /Volumes/PortableSSD/My project
/Volumes/PortableSSD/My project
[Licensing::Client] Error: HandshakeResponse reported an error:
	ResponseCode: 505
	ResponseStatus: Unsupported protocol version '1.18.1'.
[Licensing::Module] Error: Failed to handshake to channel: "LicenseClient-wskang"
[Licensing::IpcConnector] LicenseClient-wskang channel disconnected successfully.
[Licensing::IpcConnector] Channel LicenseClient-wskang-6000.5.1 doesn't exist
[UnityMemory] Configuration Parameters - Can be set up in boot.config
    "memorysetup-temp-allocator-size-gi-baking-worker=262144"
    "memorysetup-temp-allocator-size-gi-baking-worker=262144"
    "memorysetup-temp-allocator-size-gi-baking-worker=262144"
    "memorysetup-temp-allocator-size-gi-baking-worker=262144"
    "memorysetup-temp-allocator-size-gi-baking-worker=262144"
    "memorysetup-temp-allocator-size-nav-mesh-worker=65536"
    "memorysetup-temp-allocator-size-audio-worker=65536"
    "memorysetup-temp-allocator-size-cloud-worker=32768"
    "memorysetup-allocator-temp-initial-block-size-main=262144"
    "memorysetup-allocator-temp-initial-block-size-worker=262144"
    "memorysetup-temp-allocator-size-preload-manager=33554432"
    "memorysetup-temp-allocator-size-gfx=262144"
    "memorysetup-temp-allocator-size-background-worker=32768"
    "memorysetup-temp-allocator-size-job-worker=262144"
    "memorysetup-bucket-allocator-granularity=16"
    "memorysetup-bucket-allocator-bucket-count=8"
    "memorysetup-bucket-allocator-block-size=33554432"
    "memorysetup-bucket-allocator-block-count=8"
    "memorysetup-main-allocator-block-size=16777216"
    "memorysetup-thread-allocator-block-size=16777216"
    "memorysetup-main-allocator-mimalloc-enabled=0"
    "memorysetup-gfx-main-allocator-block-size=16777216"
    "memorysetup-gfx-thread-allocator-block-size=16777216"
    "memorysetup-cache-allocator-block-size=4194304"
    "memorysetup-typetree-allocator-block-size=2097152"
    "memorysetup-profiler-bucket-allocator-granularity=16"
    "memorysetup-profiler-bucket-allocator-bucket-count=8"
    "memorysetup-profiler-bucket-allocator-block-size=33554432"
    "memorysetup-profiler-bucket-allocator-block-count=8"
    "memorysetup-profiler-allocator-block-size=16777216"
    "memorysetup-profiler-editor-allocator-block-size=1048576"
    "memorysetup-temp-allocator-size-main=16777216"
    "memorysetup-job-temp-allocator-block-size=2097152"
    "memorysetup-job-temp-allocator-block-size-background=1048576"
    "memorysetup-job-temp-allocator-reduction-small-platforms=262144"
[Licensing::Module] Successfully launched the LicensingClient (PId: 7000)
Player connection [8709255424]  Target information:

Player connection [8709255424]  * "[IP] 192.168.40.241 [Port] 55504 [Flags] 2 [Guid] 317363154 [EditorId] 317363154 [Version] 1048832 [Id] OSXEditor(0,MacBook-Air-2.local) [Debug] 1 [PackageName] OSXEditor [ProjectName] Editor" 

Player connection [8709255424] Host joined multi-casting on [225.0.0.222:54997]...
Player connection [8709255424] Host joined alternative multi-casting on [225.0.0.222:34997]...
Input System module state changed to: Initialized.
[Physics::Module] Initialized fallback backend.
[Physics::Module] Id: 0xdecafbad
[Package Manager] Connected to IPC stream "Upm-6994" after 2.0 seconds.
[Licensing::Module] Licensing is not yet initialized.
[Licensing::IpcConnector] Successfully connected to: "LicenseClient-wskang-6000.5.1" at "2026-07-03T06:58:53.197746Z"
[Licensing::Client] Code 1 while verifying Licensing Client signature (process Id: 7000, path: "/Volumes/PortableSSD/Unity/Hub/Editor/6000.5.1f1/Unity.app/Contents/Helpers/UnityLicensingClient.app/Contents/MacOS/Unity.Licensing.Client")
[Licensing::Module] LicensingClient has failed validation; ignoring
[Licensing::Client] Handshaking with LicensingClient:
  Version:                 1.18.1+9fbee8e
  Session Id:              a9f17fff0ca941f39942e741ef7b9c3d
  Correlation Id:          a4e5ba3ca80a9825e6e5f87d55763a58
  External correlation Id: 1081069779114969383
  Machine Id:              47/6rj+jT25kbT6usSZUewPgPiM=
[Licensing::Module] Successfully connected to LicensingClient on channel: "LicenseClient-wskang-6000.5.1" (connect: 6.58s, validation: 0.20s, handshake: 0.03s)
[Licensing::IpcConnector] Successfully connected to: "LicenseClient-wskang-6000.5.1-notifications" at "2026-07-03T06:58:53.428684Z"
[Licensing::Module] Connected to LicensingClient (PId: 7000, launch time: 0.10, total connection time: 6.81s)
[Licensing::Client] Successfully updated the access token
[Licensing::Module] Successfully updated the access token D-dMOAadjl...
[Licensing::Client] Successfully resolved entitlement details
[Licensing::Module] License group:
  Id: 14569766336127-UnityPersXXXX
  Product: Unity Personal
  Type: Assigned
  Expiration: Unlimited
[Licensing::Client] Successfully updated license, isAsync: True, time: 0.01
[Licensing::Client] Successfully resolved entitlement details
[Licensing::Module] Licensing Background thread has ended after 7.35s
[Licensing::Module] Licensing is initialized (took 4.06s).
[Licensing::Client] Successfully resolved entitlement details
Library Redirect Path: Library/
[Physics::Module] Selected backend.
[Physics::Module] Name: PhysX
[Physics::Module] Id: 0xf2b8ea05
[Physics::Module] SDK Version: 4.1.2
[Physics::Module] Integration Version: 1.0.0
[Physics::Module] Threading Mode: Multi-Threaded
Artifact Garbage Collection - Removed 1 unused hashed content files
Initialize engine version: 6000.5.1f1 (0d9463e84828)
[Subsystems] Discovering subsystems at path /Volumes/PortableSSD/Unity/Hub/Editor/6000.5.1f1/Unity.app/Contents/Resources/UnitySubsystems
[Subsystems] Discovering subsystems at path /Volumes/PortableSSD/My project/Assets
GfxDevice: creating device client; kGfxThreadingModeThreaded
 preferred device: Apple M3 (high power)
Metal devices available: 1
0: Apple M3 (high power)
Using device Apple M3 (high power)
Initializing Metal device caps: Apple M3
Mac GPU Family: 2
Apple GPU Family: 9
MSL Version: 3.0
Has Float MSAA: 1
Has Float Filtering: 1
ReadWrite Texture Tier: 2
Initialize mono
Mono path[0] = '/Volumes/PortableSSD/Unity/Hub/Editor/6000.5.1f1/Unity.app/Contents/Resources/Scripting/Managed'
Mono path[1] = '/Volumes/PortableSSD/Unity/Hub/Editor/6000.5.1f1/Unity.app/Contents/Resources/Scripting/BCLExtensions/runtime/netstandard2.1'
Mono path[2] = '/Volumes/PortableSSD/Unity/Hub/Editor/6000.5.1f1/Unity.app/Contents/Resources/Scripting/MonoBleedingEdge/lib/mono/unityjit-macos'
Mono config path = '/Volumes/PortableSSD/Unity/Hub/Editor/6000.5.1f1/Unity.app/Contents/Resources/Scripting/MonoBleedingEdge/etc'
Using monoOptions --debugger-agent=transport=dt_socket,embedding=1,server=y,suspend=n,address=127.0.0.1:56994
CodeReloadManager initialized
ImportWorker Server TCP listen port: 0
AcceleratorClientConnectionCallback - disconnected - :0
Begin MonoManager ReloadAssembly
Registering precompiled unity dll's ...
Register platform support module: /Volumes/PortableSSD/Unity/Hub/Editor/6000.5.1f1/PlaybackEngines/MacStandaloneSupport/UnityEditor.OSXStandalone.Extensions.dll
Registered in 0.018130 seconds.
Native extension for OSXStandalone target not found
Package Manager log level set to [2]
Starting new worker id: 0 with log in /Volumes/PortableSSD/My project/Logs/AssetImportWorkerHW0.log
Input System module state changed to: ShutdownInProgress.
Input Polling Thread exited.
Input System module state changed to: Shutdown.
[Physics::Module] Cleanup current backend.
[Physics::Module] Id: 0xf2b8ea05
[Licensing::IpcConnector] LicenseClient-wskang-6000.5.1-notifications channel disconnected successfully.
[Licensing::IpcConnector] LicenseClient-wskang-6000.5.1 channel disconnected successfully.
Thread 0x16c803000 may have been prematurely finalized
Thread 0x16c88f000 may have been prematurely finalized
AcceleratorClientConnectionCallback - disconnected - :0
Cleanup mono
CodeReloadManager destroyed
debugger-agent: Unable to listen on 99
[Package Manager] Server process was shutdown
MSBuild 서버을(를) 종료하는 중...
VB/C# 컴파일러 서버을(를) 종료하는 중...
VB/C# 컴파일러 서버을(를) 종료했습니다.
MSBuild 서버을(를) 종료했습니다.
